
****** PlanAhead v14.7 (64-bit)
  **** Build 321239 by xbuild on Fri Sep 27 19:29:51 MDT 2013
    ** Copyright 1986-1999, 2001-2013 Xilinx, Inc. All Rights Reserved.

INFO: [Common 17-78] Attempting to get a license: PlanAhead
INFO: [Common 17-290] Got license for PlanAhead
INFO: [Device 21-36] Loading parts and site information from D:/Xilinx/14.7/ISE_DS/PlanAhead/data/parts/arch.xml
Parsing RTL primitives file [D:/Xilinx/14.7/ISE_DS/PlanAhead/data/parts/xilinx/rtl/prims/rtl_prims.xml]
Finished parsing RTL primitives file [D:/Xilinx/14.7/ISE_DS/PlanAhead/data/parts/xilinx/rtl/prims/rtl_prims.xml]
start_gui
source C:/Users/pc/Documents/GitHub/MIPS_CPU/lab1/ALU_UNIT/pa.fromNetlist.tcl
# create_project -name ALU_UNIT -dir "C:/Users/pc/Documents/GitHub/MIPS_CPU/lab1/ALU_UNIT/planAhead_run_2" -part xc3s1600efg320-4
# set_property design_mode GateLvl [get_property srcset [current_run -impl]]
# set_property edif_top_file "C:/Users/pc/Documents/GitHub/MIPS_CPU/lab1/ALU_UNIT/ALU_UNIT.ngc" [ get_property srcset [ current_run ] ]
# add_files -norecurse { {C:/Users/pc/Documents/GitHub/MIPS_CPU/lab1/ALU_UNIT} }
# set_param project.pinAheadLayout  yes
# set_property target_constrs_file "ALU_UNIT.ucf" [current_fileset -constrset]
Adding file 'C:/Users/pc/Documents/GitHub/MIPS_CPU/lab1/ALU_UNIT/ALU_UNIT.ucf' to fileset 'constrs_1'
# add_files [list {ALU_UNIT.ucf}] -fileset [get_property constrset [current_run]]
# link_design
Design is defaulting to srcset: sources_1
Design is defaulting to constrset: constrs_1
Design is defaulting to project part: xc3s1600efg320-4
Release 14.7 - ngc2edif P.20131013 (nt64)
Copyright (c) 1995-2013 Xilinx, Inc.  All rights reserved.
Reading design ALU_UNIT.ngc ...
WARNING:NetListWriters:298 - No output is written to ALU_UNIT.xncf, ignored.
Processing design ...
   Preping design's networks ...
   Preping design's macros ...
  finished :Prep
Writing EDIF netlist file ALU_UNIT.edif ...
ngc2edif: Total memory usage is 87544 kilobytes

Parsing EDIF File [./planAhead_run_2/ALU_UNIT.data/cache/ALU_UNIT_ngc_zx.edif]
Finished Parsing EDIF File [./planAhead_run_2/ALU_UNIT.data/cache/ALU_UNIT_ngc_zx.edif]
INFO: [Designutils 20-910] Reading macro library D:/Xilinx/14.7/ISE_DS/PlanAhead/data\./parts/xilinx/spartan3e/spartan3e/hd_int_macros.edn
Parsing EDIF File [D:/Xilinx/14.7/ISE_DS/PlanAhead/data\./parts/xilinx/spartan3e/spartan3e/hd_int_macros.edn]
Finished Parsing EDIF File [D:/Xilinx/14.7/ISE_DS/PlanAhead/data\./parts/xilinx/spartan3e/spartan3e/hd_int_macros.edn]
Loading clock regions from D:/Xilinx/14.7/ISE_DS/PlanAhead/data\parts/xilinx/spartan3e/spartan3e/xc3s1600e/ClockRegion.xml
Loading clock buffers from D:/Xilinx/14.7/ISE_DS/PlanAhead/data\parts/xilinx/spartan3e/spartan3e/xc3s1600e/ClockBuffers.xml
Loading package from D:/Xilinx/14.7/ISE_DS/PlanAhead/data\parts/xilinx/spartan3e/spartan3e/xc3s1600e/fg320/Package.xml
Loading io standards from D:/Xilinx/14.7/ISE_DS/PlanAhead/data\./parts/xilinx/spartan3e/IOStandards.xml
INFO: [Device 21-19] Loading pkg sso from D:/Xilinx/14.7/ISE_DS/PlanAhead/data\parts/xilinx/spartan3e/spartan3e/xc3s1600e/fg320/SSORules.xml
Loading list of drcs for the architecture : D:/Xilinx/14.7/ISE_DS/PlanAhead/data\./parts/xilinx/spartan3e/spartan3e/drc.xml
INFO: [Timing 38-77] Reading timing library D:/Xilinx/14.7/ISE_DS/PlanAhead/data\parts/xilinx/spartan3e/spartan3e/spartan3e-4.lib.
INFO: [Timing 38-34] Done reading timing library D:/Xilinx/14.7/ISE_DS/PlanAhead/data\parts/xilinx/spartan3e/spartan3e/spartan3e-4.lib.
Parsing UCF File [C:/Users/pc/Documents/GitHub/MIPS_CPU/lab1/ALU_UNIT/ALU_UNIT.ucf]
Finished Parsing UCF File [C:/Users/pc/Documents/GitHub/MIPS_CPU/lab1/ALU_UNIT/ALU_UNIT.ucf]
INFO: [Project 1-111] Unisim Transformation Summary:
No Unisim elements were transformed.

Phase 0 | Netlist Checksum: 791d94b4
link_design: Time (s): elapsed = 00:00:16 . Memory (MB): peak = 804.867 ; gain = 120.230
startgroup
set_property package_pin J6 [get_ports {SW[15]}]
endgroup
startgroup
set_property package_pin J6 [get_ports {SW[15]}]
endgroup
startgroup
set_property package_pin J7 [get_ports {SW[14]}]
endgroup
startgroup
set_property package_pin K2 [get_ports {SW[13]}]
endgroup
startgroup
set_property package_pin K7 [get_ports {SW[12]}]
endgroup
startgroup
set_property package_pin M1 [get_ports {SW[11]}]
endgroup
startgroup
set_property package_pin N1 [get_ports {SW[10]}]
endgroup
startgroup
set_property package_pin N2 [get_ports {SW[9]}]
endgroup
startgroup
set_property package_pin R1 [get_ports {SW[8]}]
endgroup
startgroup
set_property package_pin R4 [get_ports {SW[7]}]
endgroup
startgroup
set_property package_pin U1 [get_ports {SW[6]}]
endgroup
startgroup
set_property package_pin V2 [get_ports {SW[5]}]
endgroup
startgroup
set_property package_pin V3 [get_ports {SW[4]}]
endgroup
startgroup
set_property package_pin V4 [get_ports {SW[3]}]
endgroup
startgroup
set_property package_pin U8 [get_ports {SW[2]}]
endgroup
startgroup
set_property package_pin R7 [get_ports {SW[1]}]
endgroup
startgroup
set_property package_pin T7 [get_ports {SW[0]}]
endgroup
startgroup
set_property package_pin U9 [get_ports CLK]
endgroup
startgroup
set_property package_pin U10 [get_ports RST]
endgroup
save_constraints
exit
ERROR: [Common 17-39] 'stop_gui' failed due to earlier errors.
INFO: [Common 17-206] Exiting PlanAhead at Fri Oct 16 08:40:11 2015...
INFO: [Common 17-83] Releasing license: PlanAhead
