
****** PlanAhead v14.7 (64-bit)
  **** Build 321239 by xbuild on Fri Sep 27 19:29:51 MDT 2013
    ** Copyright 1986-1999, 2001-2013 Xilinx, Inc. All Rights Reserved.

INFO: [Common 17-78] Attempting to get a license: PlanAhead
INFO: [Common 17-290] Got license for PlanAhead
INFO: [Device 21-36] Loading parts and site information from D:/Xilinx/14.7/ISE_DS/PlanAhead/data/parts/arch.xml
Parsing RTL primitives file [D:/Xilinx/14.7/ISE_DS/PlanAhead/data/parts/xilinx/rtl/prims/rtl_prims.xml]
Finished parsing RTL primitives file [D:/Xilinx/14.7/ISE_DS/PlanAhead/data/parts/xilinx/rtl/prims/rtl_prims.xml]
start_gui
source C:/Users/pc/Documents/GitHub/MIPS_CPU/lab1/ALU_UNIT/pa.fromNetlist.tcl
# create_project -name ALU_UNIT -dir "C:/Users/pc/Documents/GitHub/MIPS_CPU/lab1/ALU_UNIT/planAhead_run_1" -part xc3s1600efg320-4
# set_property design_mode GateLvl [get_property srcset [current_run -impl]]
# set_property edif_top_file "C:/Users/pc/Documents/GitHub/MIPS_CPU/lab1/ALU_UNIT/ALU_UNIT.ngc" [ get_property srcset [ current_run ] ]
# add_files -norecurse { {C:/Users/pc/Documents/GitHub/MIPS_CPU/lab1/ALU_UNIT} }
# set_param project.pinAheadLayout  yes
# set_property target_constrs_file "ALU_UNIT.ucf" [current_fileset -constrset]
Adding file 'C:/Users/pc/Documents/GitHub/MIPS_CPU/lab1/ALU_UNIT/ALU_UNIT.ucf' to fileset 'constrs_1'
# add_files [list {ALU_UNIT.ucf}] -fileset [get_property constrset [current_run]]
# link_design
Design is defaulting to srcset: sources_1
Design is defaulting to constrset: constrs_1
Design is defaulting to project part: xc3s1600efg320-4
Release 14.7 - ngc2edif P.20131013 (nt64)
Copyright (c) 1995-2013 Xilinx, Inc.  All rights reserved.
Reading design ALU_UNIT.ngc ...
WARNING:NetListWriters:298 - No output is written to ALU_UNIT.xncf, ignored.
Processing design ...
   Preping design's networks ...
   Preping design's macros ...
  finished :Prep
Writing EDIF netlist file ALU_UNIT.edif ...
ngc2edif: Total memory usage is 88024 kilobytes

Parsing EDIF File [./planAhead_run_1/ALU_UNIT.data/cache/ALU_UNIT_ngc_zx.edif]
Finished Parsing EDIF File [./planAhead_run_1/ALU_UNIT.data/cache/ALU_UNIT_ngc_zx.edif]
INFO: [Designutils 20-910] Reading macro library D:/Xilinx/14.7/ISE_DS/PlanAhead/data\./parts/xilinx/spartan3e/spartan3e/hd_int_macros.edn
Parsing EDIF File [D:/Xilinx/14.7/ISE_DS/PlanAhead/data\./parts/xilinx/spartan3e/spartan3e/hd_int_macros.edn]
Finished Parsing EDIF File [D:/Xilinx/14.7/ISE_DS/PlanAhead/data\./parts/xilinx/spartan3e/spartan3e/hd_int_macros.edn]
Loading clock regions from D:/Xilinx/14.7/ISE_DS/PlanAhead/data\parts/xilinx/spartan3e/spartan3e/xc3s1600e/ClockRegion.xml
Loading clock buffers from D:/Xilinx/14.7/ISE_DS/PlanAhead/data\parts/xilinx/spartan3e/spartan3e/xc3s1600e/ClockBuffers.xml
Loading package from D:/Xilinx/14.7/ISE_DS/PlanAhead/data\parts/xilinx/spartan3e/spartan3e/xc3s1600e/fg320/Package.xml
Loading io standards from D:/Xilinx/14.7/ISE_DS/PlanAhead/data\./parts/xilinx/spartan3e/IOStandards.xml
INFO: [Device 21-19] Loading pkg sso from D:/Xilinx/14.7/ISE_DS/PlanAhead/data\parts/xilinx/spartan3e/spartan3e/xc3s1600e/fg320/SSORules.xml
Loading list of drcs for the architecture : D:/Xilinx/14.7/ISE_DS/PlanAhead/data\./parts/xilinx/spartan3e/spartan3e/drc.xml
INFO: [Timing 38-77] Reading timing library D:/Xilinx/14.7/ISE_DS/PlanAhead/data\parts/xilinx/spartan3e/spartan3e/spartan3e-4.lib.
INFO: [Timing 38-34] Done reading timing library D:/Xilinx/14.7/ISE_DS/PlanAhead/data\parts/xilinx/spartan3e/spartan3e/spartan3e-4.lib.
Parsing UCF File [C:/Users/pc/Documents/GitHub/MIPS_CPU/lab1/ALU_UNIT/ALU_UNIT.ucf]
Finished Parsing UCF File [C:/Users/pc/Documents/GitHub/MIPS_CPU/lab1/ALU_UNIT/ALU_UNIT.ucf]
INFO: [Project 1-111] Unisim Transformation Summary:
No Unisim elements were transformed.

Phase 0 | Netlist Checksum: 791d94b4
link_design: Time (s): elapsed = 00:00:21 . Memory (MB): peak = 730.148 ; gain = 138.410
set_property iostandard LVCMOS25 [get_ports [list {flag[3]} {flag[2]} {flag[1]} {flag[0]}]]
set_property package_pin "" [get_ports [list  {flag[3]}]]
startgroup
set_property package_pin A14 [get_ports {Fout[15]}]
endgroup
startgroup
set_property package_pin E13 [get_ports {Fout[14]}]
endgroup
startgroup
set_property package_pin D13 [get_ports {Fout[13]}]
endgroup
startgroup
set_property package_pin B13 [get_ports {Fout[12]}]
endgroup
startgroup
set_property package_pin A13 [get_ports {Fout[11]}]
endgroup
startgroup
set_property package_pin F12 [get_ports {Fout[10]}]
endgroup
startgroup
set_property package_pin E12 [get_ports {Fout[9]}]
endgroup
startgroup
set_property package_pin A12 [get_ports {Fout[8]}]
endgroup
startgroup
set_property package_pin F11 [get_ports {Fout[7]}]
endgroup
startgroup
set_property package_pin E11 [get_ports {Fout[6]}]
endgroup
startgroup
set_property package_pin D11 [get_ports {Fout[5]}]
endgroup
startgroup
set_property package_pin C11 [get_ports {Fout[4]}]
endgroup
startgroup
set_property package_pin B11 [get_ports {Fout[3]}]
endgroup
startgroup
set_property package_pin A11 [get_ports {Fout[2]}]
endgroup
startgroup
set_property package_pin E10 [get_ports {Fout[1]}]
endgroup
startgroup
set_property package_pin D10 [get_ports {Fout[0]}]
endgroup
save_constraints
exit
ERROR: [Common 17-39] 'stop_gui' failed due to earlier errors.
INFO: [Common 17-206] Exiting PlanAhead at Fri Oct 16 08:12:23 2015...
INFO: [Common 17-83] Releasing license: PlanAhead
