#-----------------------------------------------------------
# PlanAhead v14.7 (64-bit)
# Build 321239 by xbuild on Fri Sep 27 19:29:51 MDT 2013
# Start of session at: Wed Nov 04 16:07:40 2015
# Process ID: 5544
# Log file: E:/XProjects/MIPS_CPU/lab2/RAM/planAhead_run_1/planAhead.log
# Journal file: E:/XProjects/MIPS_CPU/lab2/RAM/planAhead_run_1/planAhead.jou
#-----------------------------------------------------------
INFO: [Common 17-78] Attempting to get a license: PlanAhead
INFO: [Common 17-290] Got license for PlanAhead
INFO: [Device 21-36] Loading parts and site information from C:/Xilinx/14.7/ISE_DS/PlanAhead/data/parts/arch.xml
Parsing RTL primitives file [C:/Xilinx/14.7/ISE_DS/PlanAhead/data/parts/xilinx/rtl/prims/rtl_prims.xml]
Finished parsing RTL primitives file [C:/Xilinx/14.7/ISE_DS/PlanAhead/data/parts/xilinx/rtl/prims/rtl_prims.xml]
start_gui
source E:/XProjects/MIPS_CPU/lab2/RAM/pa.fromNetlist.tcl
# create_project -name RAM -dir "E:/XProjects/MIPS_CPU/lab2/RAM/planAhead_run_1" -part xc3s1200efg320-4
# set_property design_mode GateLvl [get_property srcset [current_run -impl]]
# set_property edif_top_file "E:/XProjects/MIPS_CPU/lab2/RAM/RAMController.ngc" [ get_property srcset [ current_run ] ]
# add_files -norecurse { {E:/XProjects/MIPS_CPU/lab2/RAM} }
# set_param project.pinAheadLayout  yes
# set_property target_constrs_file "RAMController.ucf" [current_fileset -constrset]
Adding file 'E:/XProjects/MIPS_CPU/lab2/RAM/RAMController.ucf' to fileset 'constrs_1'
# add_files [list {RAMController.ucf}] -fileset [get_property constrset [current_run]]
# link_design
Design is defaulting to srcset: sources_1
Design is defaulting to constrset: constrs_1
Design is defaulting to project part: xc3s1200efg320-4
Release 14.7 - ngc2edif P.20131013 (nt64)
Copyright (c) 1995-2013 Xilinx, Inc.  All rights reserved.
Reading design RAMController.ngc ...
WARNING:NetListWriters:298 - No output is written to RAMController.xncf,
   ignored.
Processing design ...
   Preping design's networks ...
   Preping design's macros ...
  finished :Prep
Writing EDIF netlist file RAMController.edif ...
ngc2edif: Total memory usage is 118220 kilobytes

Parsing EDIF File [./planAhead_run_1/RAM.data/cache/RAMController_ngc_zx.edif]
Finished Parsing EDIF File [./planAhead_run_1/RAM.data/cache/RAMController_ngc_zx.edif]
INFO: [Designutils 20-910] Reading macro library C:/Xilinx/14.7/ISE_DS/PlanAhead/data\./parts/xilinx/spartan3e/spartan3e/hd_int_macros.edn
Parsing EDIF File [C:/Xilinx/14.7/ISE_DS/PlanAhead/data\./parts/xilinx/spartan3e/spartan3e/hd_int_macros.edn]
Finished Parsing EDIF File [C:/Xilinx/14.7/ISE_DS/PlanAhead/data\./parts/xilinx/spartan3e/spartan3e/hd_int_macros.edn]
Loading clock regions from C:/Xilinx/14.7/ISE_DS/PlanAhead/data\parts/xilinx/spartan3e/spartan3e/xc3s1200e/ClockRegion.xml
Loading clock buffers from C:/Xilinx/14.7/ISE_DS/PlanAhead/data\parts/xilinx/spartan3e/spartan3e/xc3s1200e/ClockBuffers.xml
Loading package from C:/Xilinx/14.7/ISE_DS/PlanAhead/data\parts/xilinx/spartan3e/spartan3e/xc3s1200e/fg320/Package.xml
Loading io standards from C:/Xilinx/14.7/ISE_DS/PlanAhead/data\./parts/xilinx/spartan3e/IOStandards.xml
INFO: [Device 21-19] Loading pkg sso from C:/Xilinx/14.7/ISE_DS/PlanAhead/data\parts/xilinx/spartan3e/spartan3e/xc3s1200e/fg320/SSORules.xml
Loading list of drcs for the architecture : C:/Xilinx/14.7/ISE_DS/PlanAhead/data\./parts/xilinx/spartan3e/spartan3e/drc.xml
INFO: [Timing 38-77] Reading timing library C:/Xilinx/14.7/ISE_DS/PlanAhead/data\parts/xilinx/spartan3e/spartan3e/spartan3e-4.lib.
INFO: [Timing 38-34] Done reading timing library C:/Xilinx/14.7/ISE_DS/PlanAhead/data\parts/xilinx/spartan3e/spartan3e/spartan3e-4.lib.
Parsing UCF File [E:/XProjects/MIPS_CPU/lab2/RAM/RAMController.ucf]
Finished Parsing UCF File [E:/XProjects/MIPS_CPU/lab2/RAM/RAMController.ucf]
INFO: [Project 1-111] Unisim Transformation Summary:
No Unisim elements were transformed.

Phase 0 | Netlist Checksum: 4a11837c
link_design: Time (s): elapsed = 00:00:10 . Memory (MB): peak = 609.348 ; gain = 120.055
set_property iostandard LVCMOS25 [get_ports [list {inputs[15]} {inputs[14]} {inputs[13]} {inputs[12]} {inputs[11]} {inputs[10]} {inputs[9]} {inputs[8]} {inputs[7]} {inputs[6]} {inputs[5]} {inputs[4]} {inputs[3]} {inputs[2]} {inputs[1]} {inputs[0]}]]
startgroup
set_property package_pin T7 [get_ports {inputs[15]}]
endgroup
startgroup
set_property package_pin R7 [get_ports {inputs[14]}]
endgroup
startgroup
set_property package_pin U8 [get_ports {inputs[13]}]
endgroup
startgroup
set_property package_pin V4 [get_ports {inputs[12]}]
endgroup
startgroup
set_property package_pin V3 [get_ports {inputs[11]}]
endgroup
save_constraints
exit
ERROR: [PlanAhead 12-106] *** Exception: ui.h.b: Found deleted key in HTclEventBroker. Verify if the classes listed here call cleanup()
HTclEvent: SIGNAL_BUS_MODIFY   Classes: ui.views.aR 
HTclEvent: DEBUG_PORT_CONFIG_CHANGE   Classes: ui.views.aR 
HTclEvent: DEBUG_CORE_CONFIG_CHANGE   Classes: ui.views.aR 
HTclEvent: SIGNAL_MODIFY   Classes: ui.views.aR 
 (See E:/XProjects/MIPS_CPU/lab2/RAM\planAhead_pid5544.debug)
ERROR: [Common 17-39] 'stop_gui' failed due to earlier errors.
INFO: [Common 17-206] Exiting PlanAhead at Wed Nov 04 16:10:39 2015...
INFO: [Common 17-83] Releasing license: PlanAhead
