--------------------------------------------------------------------------------
Release 14.7 Trace  (nt64)
Copyright (c) 1995-2013 Xilinx, Inc.  All rights reserved.

C:\Xilinx\14.7\ISE_DS\ISE\bin\nt64\unwrapped\trce.exe -intstyle ise -v 3 -s 4
-n 3 -fastpaths -xml ALU_UNIT.twx ALU_UNIT.ncd -o ALU_UNIT.twr ALU_UNIT.pcf
-ucf ALU_UNIT.ucf

Design file:              ALU_UNIT.ncd
Physical constraint file: ALU_UNIT.pcf
Device,package,speed:     xc3s1200e,fg320,-4 (PRODUCTION 1.27 2013-10-13)
Report level:             verbose report

Environment Variable      Effect 
--------------------      ------ 
NONE                      No environment variables were set
--------------------------------------------------------------------------------

INFO:Timing:2698 - No timing constraints found, doing default enumeration.
INFO:Timing:3412 - To improve timing, see the Timing Closure User Guide (UG612).
INFO:Timing:2752 - To get complete path coverage, use the unconstrained paths 
   option. All paths that are not constrained will be reported in the 
   unconstrained paths section(s) of the report.
INFO:Timing:3339 - The clock-to-out numbers in this timing report are based on 
   a 50 Ohm transmission line loading model.  For the details of this model, 
   and for more information on accounting for different loading conditions, 
   please see the device datasheet.
INFO:Timing:3390 - This architecture does not support a default System Jitter 
   value, please add SYSTEM_JITTER constraint to the UCF to modify the Clock 
   Uncertainty calculation.
INFO:Timing:3389 - This architecture does not support 'Discrete Jitter' and 
   'Phase Error' calculations, these terms will be zero in the Clock 
   Uncertainty calculation.  Please make appropriate modification to 
   SYSTEM_JITTER to account for the unsupported Discrete Jitter and Phase 
   Error.



Data Sheet report:
-----------------
All values displayed in nanoseconds (ns)

Setup/Hold to clock CLK
------------+------------+------------+------------------+--------+
            |Max Setup to|Max Hold to |                  | Clock  |
Source      | clk (edge) | clk (edge) |Internal Clock(s) | Phase  |
------------+------------+------------+------------------+--------+
RST         |    4.870(R)|   -1.146(R)|CLK_BUFGP         |   0.000|
SW<0>       |    1.898(R)|   -0.270(R)|CLK_BUFGP         |   0.000|
SW<1>       |    1.770(R)|   -0.184(R)|CLK_BUFGP         |   0.000|
SW<2>       |    2.189(R)|   -0.069(R)|CLK_BUFGP         |   0.000|
SW<3>       |    2.607(R)|   -0.534(R)|CLK_BUFGP         |   0.000|
SW<4>       |    1.980(R)|    0.075(R)|CLK_BUFGP         |   0.000|
SW<5>       |    2.199(R)|   -0.101(R)|CLK_BUFGP         |   0.000|
SW<6>       |    2.322(R)|   -0.200(R)|CLK_BUFGP         |   0.000|
SW<7>       |    2.017(R)|    0.295(R)|CLK_BUFGP         |   0.000|
SW<8>       |    1.724(R)|   -0.130(R)|CLK_BUFGP         |   0.000|
SW<9>       |    1.548(R)|    0.480(R)|CLK_BUFGP         |   0.000|
SW<10>      |    1.885(R)|    0.148(R)|CLK_BUFGP         |   0.000|
SW<11>      |    1.210(R)|    0.465(R)|CLK_BUFGP         |   0.000|
SW<12>      |    1.711(R)|    0.121(R)|CLK_BUFGP         |   0.000|
SW<13>      |    0.970(R)|    0.463(R)|CLK_BUFGP         |   0.000|
SW<14>      |    1.577(R)|   -0.008(R)|CLK_BUFGP         |   0.000|
SW<15>      |    1.266(R)|    0.442(R)|CLK_BUFGP         |   0.000|
------------+------------+------------+------------------+--------+

Clock CLK to Pad
------------+------------+------------------+--------+
            | clk (edge) |                  | Clock  |
Destination |   to PAD   |Internal Clock(s) | Phase  |
------------+------------+------------------+--------+
Fout<0>     |   20.646(R)|CLK_BUFGP         |   0.000|
Fout<1>     |   21.425(R)|CLK_BUFGP         |   0.000|
Fout<2>     |   19.784(R)|CLK_BUFGP         |   0.000|
Fout<3>     |   20.207(R)|CLK_BUFGP         |   0.000|
Fout<4>     |   23.074(R)|CLK_BUFGP         |   0.000|
Fout<5>     |   19.191(R)|CLK_BUFGP         |   0.000|
Fout<6>     |   21.679(R)|CLK_BUFGP         |   0.000|
Fout<7>     |   22.360(R)|CLK_BUFGP         |   0.000|
Fout<8>     |   19.252(R)|CLK_BUFGP         |   0.000|
Fout<9>     |   20.201(R)|CLK_BUFGP         |   0.000|
Fout<10>    |   20.324(R)|CLK_BUFGP         |   0.000|
Fout<11>    |   22.075(R)|CLK_BUFGP         |   0.000|
Fout<12>    |   22.616(R)|CLK_BUFGP         |   0.000|
Fout<13>    |   22.468(R)|CLK_BUFGP         |   0.000|
Fout<14>    |   21.126(R)|CLK_BUFGP         |   0.000|
Fout<15>    |   22.659(R)|CLK_BUFGP         |   0.000|
flag<1>     |   24.853(R)|CLK_BUFGP         |   0.000|
flag<2>     |   19.900(R)|CLK_BUFGP         |   0.000|
flag<3>     |   20.726(R)|CLK_BUFGP         |   0.000|
------------+------------+------------------+--------+

Clock to Setup on destination clock CLK
---------------+---------+---------+---------+---------+
               | Src:Rise| Src:Fall| Src:Rise| Src:Fall|
Source Clock   |Dest:Rise|Dest:Rise|Dest:Fall|Dest:Fall|
---------------+---------+---------+---------+---------+
CLK            |    3.817|         |         |         |
---------------+---------+---------+---------+---------+


Analysis completed Fri Oct 16 12:13:57 2015 
--------------------------------------------------------------------------------

Trace Settings:
-------------------------
Trace Settings 

Peak Memory Usage: 254 MB



